<?xml version="1.0" encoding="UTF-8"?><testsuite errors="0" failures="1" name="Crear cuenta de usuario en demoblaze.com" skipped="0" tests="1" time="16.84" timestamp="2022-01-17 01:16:59"><testcase name=": Crear cuenta de usuario correctamente"><failure message="Expected enabled element was not enabled" type="net.thucydides.core.webdriver.exceptions.ElementShouldBeEnabledException">Expected enabled element was not enabled</failure><system-err>Expected enabled element was not enabled&#13;
tasks.NewUserTask.performAs(NewUserTask.java:22)&#13;
stepDefinitions.DemoblazeStepDefinition.ingresaALaOpcionDeRegistroDeUsuarioCompletarElFormularioDeRegistroDeManeraCorrecta(DemoblazeStepDefinition.java:29)&#13;
cucumber.runner.Runner.runPickle(Runner.java:80)&#13;
</system-err></testcase></testsuite>